SF:lib/features/auth/models/user_model.dart
DA:14,2
DA:28,0
DA:29,0
DA:30,0
DA:31,0
DA:32,0
DA:33,0
DA:34,0
DA:35,0
DA:36,0
DA:37,0
DA:38,0
DA:39,0
DA:40,0
DA:44,0
DA:45,0
DA:46,0
DA:47,0
DA:48,0
DA:49,0
DA:50,0
DA:51,0
DA:52,0
DA:53,0
DA:54,0
DA:55,0
DA:56,0
DA:60,0
DA:73,0
DA:74,0
DA:75,0
DA:76,0
DA:77,0
DA:78,0
DA:79,0
DA:80,0
DA:81,0
DA:82,0
DA:83,0
DA:84,0
LF:40
LH:1
end_of_record
SF:lib/features/auth/repositories/login_repository.dart
DA:10,0
DA:12,0
DA:13,0
DA:16,0
DA:20,0
DA:23,0
DA:29,0
DA:31,0
DA:34,0
DA:37,0
DA:38,0
DA:41,0
DA:45,0
DA:51,0
DA:52,0
DA:56,0
DA:58,0
DA:59,0
DA:60,0
DA:62,0
LF:20
LH:0
end_of_record
SF:lib/features/auth/viewmodels/login_viewmodel.dart
DA:16,1
DA:17,0
DA:19,2
DA:22,2
DA:23,2
DA:24,2
DA:26,0
DA:27,0
DA:28,0
DA:32,0
DA:33,0
DA:37,1
DA:38,1
DA:39,0
DA:40,0
DA:41,0
DA:46,1
DA:48,1
DA:49,1
DA:50,1
DA:51,1
DA:54,2
DA:55,1
DA:56,2
DA:58,2
DA:59,2
DA:62,1
DA:63,1
DA:64,2
DA:66,0
DA:73,1
DA:74,1
DA:75,3
DA:77,1
DA:82,3
DA:87,0
DA:89,0
DA:90,0
DA:91,0
DA:93,0
DA:94,0
DA:95,0
DA:98,0
DA:99,0
DA:100,0
DA:102,0
DA:107,0
DA:110,0
DA:111,0
DA:112,0
DA:114,0
DA:116,0
DA:119,0
DA:124,0
DA:125,0
DA:129,1
DA:134,1
DA:136,1
DA:137,1
DA:139,1
DA:140,1
DA:144,1
DA:146,2
DA:147,2
DA:148,1
DA:150,1
DA:151,2
DA:153,0
DA:154,0
DA:156,0
DA:161,0
DA:162,0
DA:163,0
DA:164,0
DA:165,0
DA:169,0
DA:171,0
LF:77
LH:37
end_of_record
SF:lib/features/auth/services/login_service.dart
DA:12,0
DA:19,0
DA:20,0
DA:23,0
DA:25,0
DA:27,0
DA:28,0
DA:31,0
DA:33,0
DA:37,0
DA:39,0
DA:45,0
DA:46,0
DA:47,0
DA:49,0
DA:73,0
DA:74,0
DA:75,0
DA:76,0
DA:79,0
DA:80,0
DA:81,0
DA:82,0
DA:83,0
DA:87,0
DA:90,0
DA:91,0
DA:93,0
DA:95,0
DA:99,0
DA:100,0
DA:104,0
DA:105,0
DA:108,0
DA:109,0
DA:111,0
DA:112,0
DA:113,0
DA:114,0
DA:116,0
DA:117,0
DA:119,0
DA:120,0
DA:123,0
DA:125,0
DA:126,0
DA:130,0
DA:132,0
DA:135,0
DA:136,0
DA:137,0
DA:138,0
DA:141,0
DA:142,0
DA:143,0
DA:145,0
DA:147,0
DA:148,0
DA:152,0
DA:154,0
DA:155,0
DA:156,0
DA:160,0
DA:165,0
DA:166,0
DA:167,0
DA:171,0
DA:172,0
DA:173,0
DA:174,0
DA:177,0
DA:179,0
DA:180,0
DA:182,0
DA:188,0
DA:190,0
DA:192,0
DA:194,0
DA:196,0
DA:198,0
DA:200,0
DA:202,0
DA:204,0
DA:206,0
DA:209,0
DA:214,0
DA:216,0
DA:219,0
DA:220,0
DA:223,0
DA:226,0
DA:228,0
DA:229,0
DA:233,0
DA:237,0
DA:239,0
DA:241,0
DA:242,0
DA:243,0
DA:244,0
DA:247,0
DA:249,0
DA:251,0
DA:252,0
DA:253,0
DA:254,0
DA:257,0
DA:258,0
DA:259,0
DA:260,0
DA:261,0
DA:263,0
DA:271,0
DA:272,0
DA:276,0
DA:281,0
DA:282,0
DA:284,0
DA:286,0
DA:289,0
DA:290,0
DA:291,0
DA:293,0
DA:298,0
DA:300,0
DA:303,0
DA:305,0
DA:309,0
DA:310,0
DA:314,0
DA:316,0
DA:319,0
DA:323,0
DA:325,0
DA:327,0
DA:331,0
DA:332,0
DA:333,0
DA:334,0
DA:336,0
DA:337,0
DA:338,0
DA:339,0
DA:340,0
DA:342,0
DA:343,0
DA:346,0
DA:350,0
DA:352,0
DA:353,0
DA:355,0
LF:151
LH:0
end_of_record
SF:lib/core/network/api_client.dart
DA:7,0
DA:19,0
DA:20,0
DA:23,0
DA:24,0
DA:26,0
DA:27,0
DA:28,0
DA:34,0
DA:35,0
DA:37,0
DA:40,0
DA:41,0
DA:42,0
DA:43,0
DA:44,0
DA:45,0
DA:46,0
DA:47,0
DA:48,0
DA:51,0
DA:53,0
DA:54,0
DA:55,0
DA:58,0
DA:60,0
DA:61,0
DA:62,0
DA:63,0
DA:64,0
DA:66,0
DA:67,0
DA:68,0
DA:69,0
DA:70,0
DA:73,0
DA:74,0
DA:77,0
DA:80,0
DA:83,0
DA:87,0
DA:88,0
DA:89,0
DA:91,0
DA:92,0
DA:95,0
DA:96,0
DA:97,0
DA:98,0
DA:103,0
DA:106,0
DA:112,0
DA:113,0
DA:116,0
DA:122,0
DA:124,0
DA:126,0
DA:131,0
DA:133,0
DA:136,0
DA:140,0
DA:142,0
DA:143,0
DA:146,0
DA:150,0
DA:152,0
DA:155,0
DA:156,0
DA:163,0
DA:164,0
DA:166,0
DA:169,0
DA:170,0
DA:172,0
DA:176,0
DA:180,0
DA:183,0
DA:189,0
DA:195,0
DA:201,0
DA:207,0
DA:214,0
DA:221,0
DA:227,0
DA:234,0
DA:241,0
DA:247,0
DA:254,0
DA:261,0
LF:89
LH:0
end_of_record
SF:lib/features/auth/models/register_request.dart
DA:6,0
DA:12,0
DA:13,0
DA:14,0
DA:15,0
DA:16,0
LF:6
LH:0
end_of_record
SF:lib/features/auth/repositories/register_repository.dart
DA:11,0
DA:13,0
DA:14,0
DA:16,0
DA:18,0
DA:20,0
DA:26,0
DA:32,0
DA:34,0
DA:40,0
DA:42,0
DA:43,0
DA:45,0
DA:48,0
DA:54,0
DA:56,0
DA:57,0
DA:58,0
DA:61,0
LF:19
LH:0
end_of_record
SF:lib/features/auth/services/register_service.dart
DA:11,0
DA:16,0
DA:17,0
DA:20,0
DA:23,0
DA:25,0
DA:26,0
DA:30,0
DA:34,0
DA:36,0
DA:39,0
DA:41,0
DA:47,0
DA:48,0
DA:49,0
DA:51,0
DA:52,0
DA:54,0
DA:55,0
DA:57,0
DA:58,0
DA:59,0
DA:60,0
DA:61,0
DA:62,0
DA:63,0
DA:64,0
DA:67,0
DA:68,0
DA:69,0
DA:70,0
DA:73,0
DA:75,0
DA:76,0
DA:81,0
DA:83,0
DA:84,0
DA:85,0
DA:87,0
DA:93,0
DA:94,0
DA:95,0
DA:96,0
DA:98,0
DA:100,0
DA:102,0
DA:105,0
DA:109,0
DA:113,0
DA:114,0
DA:116,0
DA:117,0
DA:118,0
DA:119,0
DA:121,0
DA:122,0
DA:127,0
DA:129,0
DA:130,0
DA:144,0
DA:146,0
DA:147,0
DA:149,0
DA:155,0
DA:156,0
DA:157,0
DA:159,0
DA:161,0
DA:162,0
DA:163,0
DA:164,0
DA:165,0
DA:166,0
DA:167,0
DA:168,0
DA:173,0
DA:176,0
DA:177,0
DA:181,0
DA:185,0
DA:186,0
DA:190,0
DA:191,0
DA:193,0
DA:194,0
DA:195,0
DA:196,0
DA:197,0
DA:199,0
DA:200,0
DA:204,0
DA:205,0
DA:206,0
DA:210,0
DA:211,0
DA:212,0
DA:213,0
DA:216,0
DA:218,0
DA:219,0
DA:221,0
LF:101
LH:0
end_of_record
SF:lib/features/auth/viewmodels/register_viewmodel.dart
DA:30,1
DA:31,0
DA:33,2
DA:36,2
DA:37,2
DA:38,2
DA:41,0
DA:42,0
DA:43,0
DA:46,0
DA:47,0
DA:48,0
DA:49,0
DA:51,0
DA:52,0
DA:53,0
DA:56,0
DA:57,0
DA:61,0
DA:65,0
DA:69,0
DA:76,0
DA:77,0
DA:87,0
DA:98,0
DA:102,0
DA:103,0
DA:106,0
DA:107,0
DA:108,0
DA:109,0
DA:110,0
DA:111,0
DA:112,0
DA:115,0
DA:119,0
DA:120,0
DA:121,0
DA:122,0
DA:123,0
DA:124,0
DA:129,0
DA:130,0
DA:131,0
DA:133,0
DA:135,0
DA:138,0
DA:139,0
DA:140,0
DA:141,0
DA:142,0
DA:145,0
DA:147,0
DA:148,0
DA:150,0
DA:152,0
DA:155,0
DA:156,0
DA:157,0
DA:158,0
DA:160,0
DA:161,0
DA:163,0
DA:164,0
DA:170,0
DA:172,0
DA:173,0
DA:174,0
DA:176,0
DA:177,0
DA:178,0
DA:179,0
DA:181,0
DA:182,0
DA:184,0
DA:185,0
DA:186,0
DA:188,0
DA:193,0
DA:198,1
DA:204,2
DA:205,1
DA:206,2
DA:208,2
DA:209,3
DA:210,2
DA:215,2
DA:218,1
DA:219,1
DA:220,2
DA:222,0
DA:227,0
DA:230,1
DA:231,1
DA:232,3
DA:234,1
DA:239,3
DA:244,1
DA:249,1
DA:251,1
DA:252,1
DA:255,1
DA:256,1
DA:260,0
DA:265,0
DA:267,0
DA:269,0
DA:270,0
DA:274,0
DA:275,0
DA:276,0
DA:277,0
DA:278,0
DA:283,0
DA:284,0
DA:285,0
DA:286,0
DA:287,0
DA:292,1
DA:293,1
DA:294,0
DA:295,0
DA:296,0
DA:297,0
DA:298,0
DA:299,0
DA:300,0
DA:305,0
DA:307,0
DA:308,0
LF:130
LH:29
end_of_record
SF:lib/features/auth/repositories/reset_password_repository.dart
DA:7,0
DA:8,0
DA:12,0
DA:13,0
DA:17,0
DA:18,0
DA:22,0
DA:23,0
LF:8
LH:0
end_of_record
SF:lib/features/auth/viewmodels/reset_password_viewmodel.dart
DA:16,1
DA:18,0
DA:20,0
DA:23,2
DA:24,2
DA:25,2
DA:27,0
DA:28,0
DA:29,0
DA:32,0
DA:33,0
DA:36,1
DA:37,2
DA:40,0
DA:41,0
DA:45,1
DA:47,1
DA:48,2
DA:51,1
DA:53,1
DA:60,0
DA:61,0
DA:62,0
DA:64,0
DA:73,0
DA:74,0
DA:75,0
DA:76,0
DA:77,0
DA:79,0
DA:80,0
DA:84,1
DA:89,1
DA:90,1
DA:91,1
DA:92,1
DA:96,0
DA:97,0
DA:98,0
DA:99,0
DA:100,0
DA:101,0
DA:103,0
DA:104,0
DA:106,0
DA:110,0
DA:112,0
LF:47
LH:16
end_of_record
SF:lib/features/auth/services/reset_password_service.dart
DA:9,0
DA:10,0
DA:15,0
DA:16,0
DA:19,0
DA:21,0
DA:23,0
DA:25,0
DA:26,0
DA:28,0
DA:34,0
DA:36,0
DA:37,0
DA:42,0
DA:47,0
DA:50,0
DA:51,0
DA:52,0
DA:53,0
DA:56,0
DA:58,0
DA:59,0
DA:61,0
DA:67,0
DA:69,0
DA:70,0
DA:71,0
DA:72,0
DA:76,0
DA:78,0
DA:84,0
DA:89,0
DA:94,0
DA:95,0
DA:96,0
DA:97,0
DA:98,0
DA:99,0
DA:103,0
DA:105,0
DA:109,0
DA:111,0
DA:117,0
DA:119,0
DA:120,0
DA:125,0
DA:131,0
DA:133,0
DA:134,0
DA:135,0
DA:137,0
DA:141,0
DA:143,0
DA:144,0
DA:146,0
LF:55
LH:0
end_of_record
SF:lib/features/auth/views/login_view.dart
DA:10,1
DA:12,1
DA:13,1
DA:22,1
DA:24,1
DA:25,1
DA:28,1
DA:30,2
DA:31,2
DA:32,1
DA:35,1
DA:36,2
DA:37,1
DA:38,0
DA:39,0
DA:43,1
DA:44,3
DA:45,3
DA:46,2
DA:47,1
DA:48,3
DA:49,3
DA:54,0
DA:55,0
DA:58,0
DA:59,0
DA:62,1
DA:64,2
DA:65,2
DA:66,3
DA:67,2
DA:68,2
DA:69,1
DA:73,1
DA:74,0
DA:75,0
DA:77,1
DA:79,1
DA:81,1
DA:82,1
DA:85,1
DA:86,1
DA:87,1
DA:90,1
DA:94,1
DA:102,1
DA:103,1
DA:105,1
DA:107,1
DA:111,2
DA:122,1
DA:123,1
DA:125,1
DA:126,1
DA:128,1
DA:131,2
DA:136,1
DA:137,1
DA:138,1
DA:142,0
DA:143,0
DA:144,0
DA:149,0
DA:154,1
DA:156,1
DA:157,1
DA:158,1
DA:160,1
DA:171,2
DA:172,1
DA:173,1
DA:180,1
DA:182,1
DA:183,1
DA:186,1
DA:189,1
DA:190,1
DA:194,1
DA:196,1
DA:198,1
DA:209,1
DA:212,1
DA:213,0
DA:214,0
DA:216,1
DA:222,1
DA:232,1
DA:235,1
DA:236,1
DA:239,1
DA:240,1
DA:246,3
LF:92
LH:78
end_of_record
SF:lib/shared/widgets/custom_button.dart
DA:14,2
DA:26,2
DA:28,2
DA:29,2
DA:30,2
DA:31,2
DA:32,4
DA:33,2
DA:34,2
DA:35,2
DA:36,2
DA:37,2
DA:45,2
DA:54,2
DA:55,0
DA:57,0
DA:58,0
DA:60,0
DA:61,0
DA:69,2
DA:70,2
LF:21
LH:16
end_of_record
SF:lib/shared/widgets/custom_text_field.dart
DA:18,2
DA:34,2
DA:36,2
DA:37,2
DA:38,2
DA:39,2
DA:40,2
DA:41,2
DA:42,2
DA:43,2
DA:44,2
DA:45,2
DA:46,2
DA:47,2
DA:48,2
DA:55,2
DA:56,2
DA:59,2
DA:60,2
DA:63,2
DA:64,2
DA:70,2
DA:71,2
DA:77,2
DA:78,2
DA:88,2
LF:26
LH:26
end_of_record
SF:lib/features/auth/views/register_view.dart
DA:10,1
DA:12,1
DA:13,1
DA:26,1
DA:28,1
DA:31,1
DA:33,2
DA:34,2
DA:35,2
DA:36,2
DA:37,1
DA:40,1
DA:41,2
DA:45,3
DA:48,2
DA:49,1
DA:50,3
DA:51,3
DA:52,3
DA:57,0
DA:58,0
DA:61,1
DA:62,2
DA:65,3
DA:68,3
DA:69,2
DA:71,1
DA:75,1
DA:77,2
DA:79,1
DA:80,0
DA:81,0
DA:86,0
DA:88,0
DA:89,0
DA:95,1
DA:96,0
DA:97,0
DA:101,0
DA:106,1
DA:107,0
DA:109,0
DA:111,1
DA:113,1
DA:115,1
DA:116,1
DA:118,1
DA:119,1
DA:121,1
DA:122,1
DA:123,1
DA:125,1
DA:127,1
DA:129,1
DA:131,1
DA:133,1
DA:136,1
DA:143,1
DA:145,1
DA:157,1
DA:158,1
DA:161,1
DA:162,1
DA:165,1
DA:166,0
DA:167,0
DA:168,0
DA:170,1
DA:171,3
DA:172,1
DA:173,0
DA:177,1
DA:178,2
DA:180,1
DA:185,1
DA:186,3
DA:187,0
DA:192,1
DA:193,0
DA:202,1
DA:203,1
DA:204,1
DA:205,1
DA:206,1
DA:207,1
DA:211,1
DA:212,1
DA:215,1
DA:216,1
DA:219,1
DA:220,0
DA:229,1
DA:231,1
DA:233,1
DA:234,1
DA:243,1
DA:244,1
DA:246,1
DA:248,1
DA:249,1
DA:252,1
DA:257,1
DA:258,1
DA:259,1
DA:263,0
DA:264,0
DA:265,0
DA:274,1
DA:275,1
DA:277,1
DA:279,1
DA:280,1
DA:283,3
DA:288,1
DA:289,1
DA:290,1
DA:294,0
DA:295,0
DA:296,0
DA:301,0
DA:306,1
DA:307,0
DA:308,0
DA:315,1
DA:317,1
DA:318,1
DA:321,1
DA:324,1
DA:325,1
DA:328,1
DA:329,1
DA:335,3
DA:346,1
DA:349,1
DA:351,0
LF:135
LH:106
end_of_record
